#
# There is insufficient memory for the Java Runtime Environment to continue.
# Native memory allocation (malloc) failed to allocate 1420656 bytes for Chunk::new
# Possible reasons:
#   The system is out of physical RAM or swap space
#   The process is running with CompressedOops enabled, and the Java Heap may be blocking the growth of the native heap
# Possible solutions:
#   Reduce memory load on the system
#   Increase physical memory or swap space
#   Check if swap backing store is full
#   Decrease Java heap size (-Xmx/-Xms)
#   Decrease number of Java threads
#   Decrease Java thread stack sizes (-Xss)
#   Set larger code cache with -XX:ReservedCodeCacheSize=
#   JVM is running with Unscaled Compressed Oops mode in which the Java heap is
#     placed in the first 4GB address space. The Java Heap base address is the
#     maximum limit for the native heap growth. Please use -XX:HeapBaseMinAddress
#     to set the Java Heap base and to place the Java Heap above 4GB virtual address.
# This output file may be truncated or incomplete.
#
#  Out of Memory Error (allocation.cpp:389), pid=16592, tid=0x000000000000452c
#
# JRE version: OpenJDK Runtime Environment (8.0_242-b01) (build 1.8.0_242-release-1644-b01)
# Java VM: OpenJDK 64-Bit Server VM (25.242-b01 mixed mode windows-amd64 compressed oops)
# Failed to write core dump. Minidumps are not enabled by default on client versions of Windows
#

---------------  T H R E A D  ---------------

Current thread (0x0000000017c87000):  JavaThread "C2 CompilerThread0" daemon [_thread_in_native, id=17708, stack(0x00000000192d0000,0x00000000193d0000)]

Stack: [0x00000000192d0000,0x00000000193d0000]
[error occurred during error reporting (printing stack bounds), id 0xc0000005]

Native frames: (J=compiled Java code, j=interpreted, Vv=VM code, C=native code)


Current CompileTask:
C2: 247533 19819 %     4       com.android.tools.r8.ir.regalloc.a::a @ 1400 (3992 bytes)


---------------  P R O C E S S  ---------------

Java Threads: ( => current thread )
  0x000000001e2e1800 JavaThread "WorkerExecutor Queue Thread 6" [_thread_blocked, id=14984, stack(0x000000001fe30000,0x000000001ff30000)]
  0x000000001e2e3800 JavaThread "RMI TCP Connection(idle)" daemon [_thread_blocked, id=3428, stack(0x000000001fd30000,0x000000001fe30000)]
  0x000000001e2de800 JavaThread "RMI Reaper" [_thread_blocked, id=11864, stack(0x000000001fc30000,0x000000001fd30000)]
  0x000000001e2e0800 JavaThread "RMI TCP Accept-0" daemon [_thread_in_native, id=20404, stack(0x000000001fb30000,0x000000001fc30000)]
  0x000000001e2da800 JavaThread "GC Daemon" daemon [_thread_blocked, id=18240, stack(0x000000001fa30000,0x000000001fb30000)]
  0x000000001e2d9000 JavaThread "RMI Scheduler(0)" daemon [_thread_blocked, id=9540, stack(0x000000001c390000,0x000000001c490000)]
  0x000000002234d000 JavaThread "WorkerExecutor Queue Thread 5" [_thread_blocked, id=436, stack(0x000000002fd20000,0x000000002fe20000)]
  0x0000000022350000 JavaThread "stdout" [_thread_in_native, id=13328, stack(0x0000000030d40000,0x0000000030e40000)]
  0x0000000022352000 JavaThread "stderr" [_thread_in_native, id=19100, stack(0x0000000030c40000,0x0000000030d40000)]
  0x000000002234a800 JavaThread "stdout" [_thread_in_native, id=17864, stack(0x0000000030b40000,0x0000000030c40000)]
  0x000000002234a000 JavaThread "stderr" [_thread_in_native, id=11400, stack(0x0000000030a40000,0x0000000030b40000)]
  0x000000002234b800 JavaThread "stdout" [_thread_in_native, id=11840, stack(0x0000000030940000,0x0000000030a40000)]
  0x000000002234f000 JavaThread "stderr" [_thread_in_native, id=17500, stack(0x0000000030840000,0x0000000030940000)]
  0x0000000022350800 JavaThread "stdout" [_thread_in_native, id=18180, stack(0x0000000030740000,0x0000000030840000)]
  0x000000002234e800 JavaThread "stderr" [_thread_in_native, id=10756, stack(0x00000000301e0000,0x00000000302e0000)]
  0x000000002234d800 JavaThread "pool-4-thread-1" [_thread_blocked, id=6956, stack(0x0000000030320000,0x0000000030420000)]
  0x0000000022349000 JavaThread "WorkerExecutor Queue Thread 4" [_thread_blocked, id=11872, stack(0x000000002fe20000,0x000000002ff20000)]
  0x000000002314e000 JavaThread "WorkerExecutor Queue" [_thread_blocked, id=17456, stack(0x000000002ffe0000,0x00000000300e0000)]
  0x0000000023148800 JavaThread "Cache worker for execution history cache (C:\AndrPr\GETPOSTFLEX\.gradle\6.5\executionHistory)" [_thread_blocked, id=14220, stack(0x000000002f320000,0x000000002f420000)]
  0x000000002314a000 JavaThread "Execution worker for ':' Thread 3" [_thread_blocked, id=20352, stack(0x000000002d2e0000,0x000000002d3e0000)]
  0x0000000023145800 JavaThread "Execution worker for ':' Thread 2" [_thread_in_Java, id=18620, stack(0x000000002cf60000,0x000000002d060000)]
  0x0000000023144800 JavaThread "Execution worker for ':'" [_thread_blocked, id=11540, stack(0x000000002a080000,0x000000002a180000)]
  0x0000000023148000 JavaThread "Cache worker for file content cache (C:\AndrPr\GETPOSTFLEX\.gradle\6.5\fileContent)" [_thread_blocked, id=14908, stack(0x0000000029f80000,0x000000002a080000)]
  0x0000000023144000 JavaThread "Cache worker for Build Output Cleanup Cache (C:\AndrPr\GETPOSTFLEX\.gradle\buildOutputCleanup)" [_thread_blocked, id=5236, stack(0x000000002ca10000,0x000000002cb10000)]
  0x000000001a9df800 JavaThread "Build operations Thread 4" [_thread_blocked, id=9092, stack(0x000000001f630000,0x000000001f730000)]
  0x000000001a9e2800 JavaThread "Build operations Thread 3" [_thread_in_Java, id=18924, stack(0x000000001f530000,0x000000001f630000)]
  0x000000001a9da800 JavaThread "Build operations Thread 2" [_thread_in_Java, id=15580, stack(0x000000001f430000,0x000000001f530000)]
  0x000000001a9de800 JavaThread "Build operations" [_thread_in_vm, id=11260, stack(0x000000001f330000,0x000000001f430000)]
  0x000000001a9e0000 JavaThread "Cache worker for cache directory md-rule (C:\Users\–ò–≤–∞–Ω\.gradle\caches\6.5\md-rule)" [_thread_blocked, id=2028, stack(0x000000001f230000,0x000000001f330000)]
  0x000000001a9dd000 JavaThread "Cache worker for cache directory md-supplier (C:\Users\–ò–≤–∞–Ω\.gradle\caches\6.5\md-supplier)" [_thread_blocked, id=16772, stack(0x000000001c790000,0x000000001c890000)]
  0x000000001a9de000 JavaThread "Cache worker for checksums cache (C:\AndrPr\GETPOSTFLEX\.gradle\checksums)" [_thread_blocked, id=7468, stack(0x000000001c690000,0x000000001c790000)]
  0x000000001a9e1800 JavaThread "Cache worker for file hash cache (C:\AndrPr\GETPOSTFLEX\.gradle\6.5\fileHashes)" [_thread_blocked, id=2752, stack(0x000000001c590000,0x000000001c690000)]
  0x000000001a9d3000 JavaThread "Thread-147" [_thread_blocked, id=19680, stack(0x000000001c490000,0x000000001c590000)]
  0x000000001a9d4800 JavaThread "Asynchronous log dispatcher for DefaultDaemonConnection: socket connection from /127.0.0.1:61102 to /127.0.0.1:61273" [_thread_blocked, id=15140, stack(0x000000001c290000,0x000000001c390000)]
  0x000000001a9da000 JavaThread "Daemon worker Thread 2" [_thread_blocked, id=17748, stack(0x000000001c190000,0x000000001c290000)]
  0x000000001a9d9000 JavaThread "Cancel handler" [_thread_blocked, id=9316, stack(0x00000000014e0000,0x00000000015e0000)]
  0x000000001a9d7000 JavaThread "Handler for socket connection from /127.0.0.1:61102 to /127.0.0.1:61273" [_thread_in_native, id=11336, stack(0x00000000013e0000,0x00000000014e0000)]
  0x000000001a9d5800 JavaThread "Daemon Thread 2" [_thread_blocked, id=4764, stack(0x00000000012e0000,0x00000000013e0000)]
  0x000000001e2dd800 JavaThread "Memory manager" [_thread_blocked, id=12076, stack(0x000000002c910000,0x000000002ca10000)]
  0x000000001d823000 JavaThread "Cache worker for file content cache (C:\Users\–ò–≤–∞–Ω\.gradle\caches\6.5\fileContent)" [_thread_blocked, id=18556, stack(0x0000000021830000,0x0000000021930000)]
  0x000000001d825000 JavaThread "Cache worker for execution history cache (C:\Users\–ò–≤–∞–Ω\.gradle\caches\6.5\executionHistory)" [_thread_blocked, id=18472, stack(0x0000000021330000,0x0000000021430000)]
  0x000000001a9d7800 JavaThread "Cache worker for file hash cache (C:\Users\–ò–≤–∞–Ω\.gradle\caches\6.5\fileHashes)" [_thread_blocked, id=11968, stack(0x000000001dd60000,0x000000001de60000)]
  0x000000001a9d4000 JavaThread "File lock request listener" [_thread_in_native, id=19820, stack(0x000000001dc60000,0x000000001dd60000)]
  0x000000001a9d8800 JavaThread "Cache worker for journal cache (C:\Users\–ò–≤–∞–Ω\.gradle\caches\journal-1)" [_thread_blocked, id=11412, stack(0x000000001ca90000,0x000000001cb90000)]
  0x000000001b133800 JavaThread "Daemon periodic checks" [_thread_blocked, id=12992, stack(0x000000001be90000,0x000000001bf90000)]
  0x000000001b138000 JavaThread "Incoming local TCP Connector on port 61102" [_thread_in_native, id=7876, stack(0x000000001bc40000,0x000000001bd40000)]
  0x000000001b139800 JavaThread "Daemon health stats" [_thread_blocked, id=19276, stack(0x000000001b600000,0x000000001b700000)]
  0x0000000017cde000 JavaThread "Service Thread" daemon [_thread_blocked, id=6300, stack(0x00000000199d0000,0x0000000019ad0000)]
  0x0000000017c9a800 JavaThread "C1 CompilerThread2" daemon [_thread_blocked, id=17516, stack(0x00000000194d0000,0x00000000195d0000)]
  0x0000000017c8b800 JavaThread "C2 CompilerThread1" daemon [_thread_in_native, id=20348, stack(0x00000000193d0000,0x00000000194d0000)]
=>0x0000000017c87000 JavaThread "C2 CompilerThread0" daemon [_thread_in_native, id=17708, stack(0x00000000192d0000,0x00000000193d0000)]
  0x0000000017c85800 JavaThread "Attach Listener" daemon [_thread_blocked, id=18296, stack(0x00000000191d0000,0x00000000192d0000)]
  0x0000000017c84000 JavaThread "Signal Dispatcher" daemon [_thread_blocked, id=16412, stack(0x00000000190d0000,0x00000000191d0000)]
  0x000000000305b800 JavaThread "Finalizer" daemon [_thread_blocked, id=17804, stack(0x0000000018ed0000,0x0000000018fd0000)]
  0x0000000017c69000 JavaThread "Reference Handler" daemon [_thread_blocked, id=8196, stack(0x0000000018dd0000,0x0000000018ed0000)]
  0x0000000002f62800 JavaThread "main" [_thread_blocked, id=12528, stack(0x0000000002e30000,0x0000000002f30000)]

Other Threads:
  0x0000000017c46000 VMThread [stack: 0x0000000018cd0000,0x0000000018dd0000] [id=21168]
  0x0000000019603000 WatcherThread [stack: 0x0000000019ad0000,0x0000000019bd0000] [id=19564]

VM state:not at safepoint (normal execution)

VM Mutex/Monitor currently owned by a thread: None

heap address: 0x0000000080000000, size: 2048 MB, Compressed Oops mode: 32-bit
Narrow klass base: 0x0000000000000000, Narrow klass shift: 3
Compressed class space size: 1073741824 Address: 0x0000000100000000

Heap:
 PSYoungGen      total 482816K, used 197314K [0x00000000d5580000, 0x00000000f6200000, 0x0000000100000000)
  eden space 439296K, 44% used [0x00000000d5580000,0x00000000e124f198,0x00000000f0280000)
  from space 43520K, 9% used [0x00000000f0280000,0x00000000f0661710,0x00000000f2d00000)
  to   space 43520K, 0% used [0x00000000f2d00000,0x00000000f2d00000,0x00000000f5780000)
 ParOldGen       total 197120K, used 130709K [0x0000000080000000, 0x000000008c080000, 0x00000000d5580000)
  object space 197120K, 66% used [0x0000000080000000,0x0000000087fa55d0,0x000000008c080000)
 Metaspace       used 110082K, capacity 116122K, committed 116172K, reserved 1150976K
  class space    used 14424K, capacity 15585K, committed 15616K, reserved 1048576K

Card table byte_map: [0x0000000012420000,0x0000000012830000] byte_map_base: 0x0000000012020000

Marking Bits: (ParMarkBitMap*) 0x0000000062c7f030
 Begin Bits: [0x0000000012ee0000, 0x0000000014ee0000)
 End Bits:   [0x0000000014ee0000, 0x0000000016ee0000)

Polling page: 0x0000000000df0000

CodeCache: size=245760Kb used=58291Kb max_used=58643Kb free=187469Kb
 bounds [0x0000000003060000, 0x0000000006a40000, 0x0000000012060000]
 total_blobs=17587 nmethods=16632 adapters=864
 compilation: enabled

Compilation events (10 events):
Event: 247.396 Thread 0x0000000017c9a800 19859       2       com.android.tools.r8.graph.W0::a (13 bytes)
Event: 247.396 Thread 0x0000000017c9a800 nmethod 19859 0x00000000037255d0 code [0x0000000003725740, 0x0000000003725948]
Event: 247.396 Thread 0x0000000017c9a800 19860       2       com.android.tools.r8.graph.W0$$Lambda$1096/1536799303::get$Lambda (10 bytes)
Event: 247.397 Thread 0x0000000017c9a800 nmethod 19860 0x0000000005b5aa10 code [0x0000000005b5ab60, 0x0000000005b5ad10]
Event: 247.397 Thread 0x0000000017c9a800 19861       2       com.android.tools.r8.graph.W0$$Lambda$1096/1536799303::<init> (15 bytes)
Event: 247.397 Thread 0x0000000017c9a800 nmethod 19861 0x0000000005c2dd10 code [0x0000000005c2de60, 0x0000000005c2dfd0]
Event: 247.405 Thread 0x0000000017c9a800 19862       2       com.android.tools.r8.t.a.a.a.h.f0::<init> (107 bytes)
Event: 247.406 Thread 0x0000000017c9a800 nmethod 19862 0x000000000417bb90 code [0x000000000417bd80, 0x000000000417c338]
Event: 247.464 Thread 0x0000000017c9a800 19863       2       com.android.tools.r8.graph.X0::b (142 bytes)
Event: 247.465 Thread 0x0000000017c9a800 nmethod 19863 0x00000000045594d0 code [0x00000000045596c0, 0x0000000004559c48]

GC Heap History (10 events):
Event: 237.702 GC heap before
{Heap before GC invocations=23 (full 4):
 PSYoungGen      total 482816K, used 449586K [0x00000000d5580000, 0x00000000f6200000, 0x0000000100000000)
  eden space 439296K, 100% used [0x00000000d5580000,0x00000000f0280000,0x00000000f0280000)
  from space 43520K, 23% used [0x00000000f2d00000,0x00000000f370c8b0,0x00000000f5780000)
  to   space 43520K, 0% used [0x00000000f0280000,0x00000000f0280000,0x00000000f2d00000)
 ParOldGen       total 197120K, used 107065K [0x0000000080000000, 0x000000008c080000, 0x00000000d5580000)
  object space 197120K, 54% used [0x0000000080000000,0x000000008688e550,0x000000008c080000)
 Metaspace       used 109967K, capacity 116040K, committed 116172K, reserved 1150976K
  class space    used 14423K, capacity 15584K, committed 15616K, reserved 1048576K
Event: 237.764 GC heap after
Heap after GC invocations=23 (full 4):
 PSYoungGen      total 482816K, used 20450K [0x00000000d5580000, 0x00000000f6200000, 0x0000000100000000)
  eden space 439296K, 0% used [0x00000000d5580000,0x00000000d5580000,0x00000000f0280000)
  from space 43520K, 46% used [0x00000000f0280000,0x00000000f1678880,0x00000000f2d00000)
  to   space 43520K, 0% used [0x00000000f2d00000,0x00000000f2d00000,0x00000000f5780000)
 ParOldGen       total 197120K, used 107073K [0x0000000080000000, 0x000000008c080000, 0x00000000d5580000)
  object space 197120K, 54% used [0x0000000080000000,0x0000000086890550,0x000000008c080000)
 Metaspace       used 109967K, capacity 116040K, committed 116172K, reserved 1150976K
  class space    used 14423K, capacity 15584K, committed 15616K, reserved 1048576K
}
Event: 239.861 GC heap before
{Heap before GC invocations=24 (full 4):
 PSYoungGen      total 482816K, used 459746K [0x00000000d5580000, 0x00000000f6200000, 0x0000000100000000)
  eden space 439296K, 100% used [0x00000000d5580000,0x00000000f0280000,0x00000000f0280000)
  from space 43520K, 46% used [0x00000000f0280000,0x00000000f1678880,0x00000000f2d00000)
  to   space 43520K, 0% used [0x00000000f2d00000,0x00000000f2d00000,0x00000000f5780000)
 ParOldGen       total 197120K, used 107073K [0x0000000080000000, 0x000000008c080000, 0x00000000d5580000)
  object space 197120K, 54% used [0x0000000080000000,0x0000000086890550,0x000000008c080000)
 Metaspace       used 109976K, capacity 116040K, committed 116172K, reserved 1150976K
  class space    used 14423K, capacity 15584K, committed 15616K, reserved 1048576K
Event: 239.949 GC heap after
Heap after GC invocations=24 (full 4):
 PSYoungGen      total 482816K, used 21927K [0x00000000d5580000, 0x00000000f6200000, 0x0000000100000000)
  eden space 439296K, 0% used [0x00000000d5580000,0x00000000d5580000,0x00000000f0280000)
  from space 43520K, 50% used [0x00000000f2d00000,0x00000000f4269c98,0x00000000f5780000)
  to   space 43520K, 0% used [0x00000000f0280000,0x00000000f0280000,0x00000000f2d00000)
 ParOldGen       total 197120K, used 109832K [0x0000000080000000, 0x000000008c080000, 0x00000000d5580000)
  object space 197120K, 55% used [0x0000000080000000,0x0000000086b422b0,0x000000008c080000)
 Metaspace       used 109976K, capacity 116040K, committed 116172K, reserved 1150976K
  class space    used 14423K, capacity 15584K, committed 15616K, reserved 1048576K
}
Event: 242.146 GC heap before
{Heap before GC invocations=25 (full 4):
 PSYoungGen      total 482816K, used 461223K [0x00000000d5580000, 0x00000000f6200000, 0x0000000100000000)
  eden space 439296K, 100% used [0x00000000d5580000,0x00000000f0280000,0x00000000f0280000)
  from space 43520K, 50% used [0x00000000f2d00000,0x00000000f4269c98,0x00000000f5780000)
  to   space 43520K, 0% used [0x00000000f0280000,0x00000000f0280000,0x00000000f2d00000)
 ParOldGen       total 197120K, used 109832K [0x0000000080000000, 0x000000008c080000, 0x00000000d5580000)
  object space 197120K, 55% used [0x0000000080000000,0x0000000086b422b0,0x000000008c080000)
 Metaspace       used 109986K, capacity 116042K, committed 116172K, reserved 1150976K
  class space    used 14424K, capacity 15585K, committed 15616K, reserved 1048576K
Event: 242.211 GC heap after
Heap after GC invocations=25 (full 4):
 PSYoungGen      total 482816K, used 16963K [0x00000000d5580000, 0x00000000f6200000, 0x0000000100000000)
  eden space 439296K, 0% used [0x00000000d5580000,0x00000000d5580000,0x00000000f0280000)
  from space 43520K, 38% used [0x00000000f0280000,0x00000000f1310f38,0x00000000f2d00000)
  to   space 43520K, 0% used [0x00000000f2d00000,0x00000000f2d00000,0x00000000f5780000)
 ParOldGen       total 197120K, used 114639K [0x0000000080000000, 0x000000008c080000, 0x00000000d5580000)
  object space 197120K, 58% used [0x0000000080000000,0x0000000086ff3fb0,0x000000008c080000)
 Metaspace       used 109986K, capacity 116042K, committed 116172K, reserved 1150976K
  class space    used 14424K, capacity 15585K, committed 15616K, reserved 1048576K
}
Event: 244.815 GC heap before
{Heap before GC invocations=26 (full 4):
 PSYoungGen      total 482816K, used 456259K [0x00000000d5580000, 0x00000000f6200000, 0x0000000100000000)
  eden space 439296K, 100% used [0x00000000d5580000,0x00000000f0280000,0x00000000f0280000)
  from space 43520K, 38% used [0x00000000f0280000,0x00000000f1310f38,0x00000000f2d00000)
  to   space 43520K, 0% used [0x00000000f2d00000,0x00000000f2d00000,0x00000000f5780000)
 ParOldGen       total 197120K, used 114639K [0x0000000080000000, 0x000000008c080000, 0x00000000d5580000)
  object space 197120K, 58% used [0x0000000080000000,0x0000000086ff3fb0,0x000000008c080000)
 Metaspace       used 110060K, capacity 116114K, committed 116172K, reserved 1150976K
  class space    used 14424K, capacity 15585K, committed 15616K, reserved 1048576K
Event: 244.854 GC heap after
Heap after GC invocations=26 (full 4):
 PSYoungGen      total 482816K, used 13333K [0x00000000d5580000, 0x00000000f6200000, 0x0000000100000000)
  eden space 439296K, 0% used [0x00000000d5580000,0x00000000d5580000,0x00000000f0280000)
  from space 43520K, 30% used [0x00000000f2d00000,0x00000000f3a05748,0x00000000f5780000)
  to   space 43520K, 0% used [0x00000000f0280000,0x00000000f0280000,0x00000000f2d00000)
 ParOldGen       total 197120K, used 120223K [0x0000000080000000, 0x000000008c080000, 0x00000000d5580000)
  object space 197120K, 60% used [0x0000000080000000,0x0000000087567e78,0x000000008c080000)
 Metaspace       used 110060K, capacity 116114K, committed 116172K, reserved 1150976K
  class space    used 14424K, capacity 15585K, committed 15616K, reserved 1048576K
}
Event: 246.808 GC heap before
{Heap before GC invocations=27 (full 4):
 PSYoungGen      total 482816K, used 452629K [0x00000000d5580000, 0x00000000f6200000, 0x0000000100000000)
  eden space 439296K, 100% used [0x00000000d5580000,0x00000000f0280000,0x00000000f0280000)
  from space 43520K, 30% used [0x00000000f2d00000,0x00000000f3a05748,0x00000000f5780000)
  to   space 43520K, 0% used [0x00000000f0280000,0x00000000f0280000,0x00000000f2d00000)
 ParOldGen       total 197120K, used 120223K [0x0000000080000000, 0x000000008c080000, 0x00000000d5580000)
  object space 197120K, 60% used [0x0000000080000000,0x0000000087567e78,0x000000008c080000)
 Metaspace       used 110075K, capacity 116122K, committed 116172K, reserved 1150976K
  class space    used 14424K, capacity 15585K, committed 15616K, reserved 1048576K
Event: 246.857 GC heap after
Heap after GC invocations=27 (full 4):
 PSYoungGen      total 482816K, used 3973K [0x00000000d5580000, 0x00000000f6200000, 0x0000000100000000)
  eden space 439296K, 0% used [0x00000000d5580000,0x00000000d5580000,0x00000000f0280000)
  from space 43520K, 9% used [0x00000000f0280000,0x00000000f0661710,0x00000000f2d00000)
  to   space 43520K, 0% used [0x00000000f2d00000,0x00000000f2d00000,0x00000000f5780000)
 ParOldGen       total 197120K, used 130709K [0x0000000080000000, 0x000000008c080000, 0x00000000d5580000)
  object space 197120K, 66% used [0x0000000080000000,0x0000000087fa55d0,0x000000008c080000)
 Metaspace       used 110075K, capacity 116122K, committed 116172K, reserved 1150976K
  class space    used 14424K, capacity 15585K, committed 15616K, reserved 1048576K
}

Deoptimization events (10 events):
Event: 241.213 Thread 0x000000001a9de800 Uncommon trap: reason=unstable_if action=reinterpret pc=0x000000000685a898 method=com.android.tools.r8.ir.regalloc.a.a(Lcom/android/tools/r8/ir/regalloc/a$a;Z)Lcom/android/tools/r8/ir/regalloc/a$a; @ 3123
Event: 241.213 Thread 0x000000001a9de800 Uncommon trap: reason=unstable_if action=reinterpret pc=0x00000000063e9900 method=com.android.tools.r8.ir.regalloc.a.a(Lcom/android/tools/r8/ir/regalloc/a$a;Z)Lcom/android/tools/r8/ir/regalloc/a$a; @ 2085
Event: 244.526 Thread 0x000000001a9df800 Uncommon trap: reason=unstable_if action=reinterpret pc=0x0000000003f5e784 method=java.nio.Bits.copyFromArray(Ljava/lang/Object;JJJJ)V @ 18
Event: 244.939 Thread 0x000000001a9da800 Uncommon trap: reason=unstable_if action=reinterpret pc=0x00000000037472e8 method=java.util.HashMap.getNode(ILjava/lang/Object;)Ljava/util/HashMap$Node; @ 84
Event: 245.357 Thread 0x000000001a9da800 Uncommon trap: reason=speculate_class_check action=maybe_recompile pc=0x0000000005a9e11c method=com.android.tools.r8.ir.optimize.l.a(Lcom/android/tools/r8/s/b/X;Lcom/android/tools/r8/s/b/o;Ljava/util/function/Supplier;Ljava/util/Map;Ljava/util/function/Pr
Event: 245.358 Thread 0x000000001a9da800 Uncommon trap: reason=speculate_class_check action=maybe_recompile pc=0x0000000005a9e11c method=com.android.tools.r8.ir.optimize.l.a(Lcom/android/tools/r8/s/b/X;Lcom/android/tools/r8/s/b/o;Ljava/util/function/Supplier;Ljava/util/Map;Ljava/util/function/Pr
Event: 245.360 Thread 0x000000001a9da800 Uncommon trap: reason=speculate_class_check action=maybe_recompile pc=0x0000000005a9e11c method=com.android.tools.r8.ir.optimize.l.a(Lcom/android/tools/r8/s/b/X;Lcom/android/tools/r8/s/b/o;Ljava/util/function/Supplier;Ljava/util/Map;Ljava/util/function/Pr
Event: 245.370 Thread 0x000000001a9df800 Uncommon trap: reason=speculate_class_check action=maybe_recompile pc=0x0000000005a9e11c method=com.android.tools.r8.ir.optimize.l.a(Lcom/android/tools/r8/s/b/X;Lcom/android/tools/r8/s/b/o;Ljava/util/function/Supplier;Ljava/util/Map;Ljava/util/function/Pr
Event: 245.492 Thread 0x0000000023145800 Uncommon trap: reason=unstable_if action=reinterpret pc=0x000000000662099c method=com.android.tools.r8.ir.regalloc.h.a(ILcom/android/tools/r8/ir/regalloc/h$a;)Z @ 73
Event: 245.701 Thread 0x0000000023145800 Uncommon trap: reason=unstable_if action=reinterpret pc=0x000000000672028c method=com.android.tools.r8.t.a.a.a.f.X$e.contains(Ljava/lang/Object;)Z @ 71

Classes redefined (0 events):
No events

Internal exceptions (10 events):
Event: 244.060 Thread 0x000000001a9de800 Exception <a 'sun/nio/fs/WindowsException'> (0x00000000e6d8e1c0) thrown at [C:\src\AOSP-openjdk-git\hotspot\src\share\vm\prims\jni.cpp, line 710]
Event: 244.101 Thread 0x0000000023145800 Exception <a 'sun/nio/fs/WindowsException'> (0x00000000e808d0c8) thrown at [C:\src\AOSP-openjdk-git\hotspot\src\share\vm\prims\jni.cpp, line 710]
Event: 244.237 Thread 0x000000001a9de800 Exception <a 'sun/nio/fs/WindowsException'> (0x00000000e9a6eca8) thrown at [C:\src\AOSP-openjdk-git\hotspot\src\share\vm\prims\jni.cpp, line 710]
Event: 244.368 Thread 0x000000001a9da800 Exception <a 'sun/nio/fs/WindowsException'> (0x00000000ea6356c8) thrown at [C:\src\AOSP-openjdk-git\hotspot\src\share\vm\prims\jni.cpp, line 710]
Event: 244.442 Thread 0x000000001a9df800 Exception <a 'sun/nio/fs/WindowsException'> (0x00000000e9e86798) thrown at [C:\src\AOSP-openjdk-git\hotspot\src\share\vm\prims\jni.cpp, line 710]
Event: 244.450 Thread 0x0000000023145800 Exception <a 'sun/nio/fs/WindowsException'> (0x00000000eb412b78) thrown at [C:\src\AOSP-openjdk-git\hotspot\src\share\vm\prims\jni.cpp, line 710]
Event: 244.579 Thread 0x000000001a9de800 Exception <a 'sun/nio/fs/WindowsException'> (0x00000000eca6c260) thrown at [C:\src\AOSP-openjdk-git\hotspot\src\share\vm\prims\jni.cpp, line 710]
Event: 245.114 Thread 0x000000001a9df800 Exception <a 'sun/nio/fs/WindowsException'> (0x00000000d56d0390) thrown at [C:\src\AOSP-openjdk-git\hotspot\src\share\vm\prims\jni.cpp, line 710]
Event: 247.113 Thread 0x000000001a9df800 Exception <a 'sun/nio/fs/WindowsException'> (0x00000000d8691c40) thrown at [C:\src\AOSP-openjdk-git\hotspot\src\share\vm\prims\jni.cpp, line 710]
Event: 247.342 Thread 0x000000001a9e2800 Exception <a 'sun/nio/fs/WindowsException'> (0x00000000dd0e45e8) thrown at [C:\src\AOSP-openjdk-git\hotspot\src\share\vm\prims\jni.cpp, line 710]

Events (10 events):
Event: 247.374 Thread 0x000000001a9da800 DEOPT PACKING pc=0x00000000068a4f0b sp=0x000000001f529ce0
Event: 247.374 Thread 0x000000001a9da800 DEOPT UNPACKING pc=0x00000000030a75d0 sp=0x000000001f529d28 mode 0
Event: 247.451 Thread 0x000000001a9da800 DEOPT PACKING pc=0x00000000068a4f0b sp=0x000000001f529ce0
Event: 247.451 Thread 0x000000001a9da800 DEOPT UNPACKING pc=0x00000000030a75d0 sp=0x000000001f529d28 mode 0
Event: 247.490 Thread 0x000000001a9da800 DEOPT PACKING pc=0x00000000068a4f0b sp=0x000000001f529ce0
Event: 247.490 Thread 0x000000001a9da800 DEOPT UNPACKING pc=0x00000000030a75d0 sp=0x000000001f529d28 mode 0
Event: 247.515 Thread 0x0000000023145800 DEOPT PACKING pc=0x00000000068a4f0b sp=0x000000002d0574f0
Event: 247.515 Thread 0x0000000023145800 DEOPT UNPACKING pc=0x00000000030a75d0 sp=0x000000002d057538 mode 0
Event: 247.526 Thread 0x000000001a9de800 DEOPT PACKING pc=0x00000000068a4ea5 sp=0x000000001f429ba0
Event: 247.526 Thread 0x000000001a9de800 DEOPT UNPACKING pc=0x00000000030a75d0 sp=0x000000001f429be8 mode 0


Dynamic libraries:
0x00007ff789fa0000 - 0x00007ff789fd1000 	C:\Program Files\Android\Android Studio\jre\bin\java.exe
0x00007ffa9c040000 - 0x00007ffa9c230000 	C:\WINDOWS\SYSTEM32\ntdll.dll
0x00007ffa9a7d0000 - 0x00007ffa9a882000 	C:\WINDOWS\System32\KERNEL32.DLL
0x00007ffa990e0000 - 0x00007ffa99384000 	C:\WINDOWS\System32\KERNELBASE.dll
0x00007ffa9bf30000 - 0x00007ffa9bfd3000 	C:\WINDOWS\System32\ADVAPI32.dll
0x00007ffa9be90000 - 0x00007ffa9bf2e000 	C:\WINDOWS\System32\msvcrt.dll
0x00007ffa9b8d0000 - 0x00007ffa9b967000 	C:\WINDOWS\System32\sechost.dll
0x00007ffa9acf0000 - 0x00007ffa9ae10000 	C:\WINDOWS\System32\RPCRT4.dll
0x00007ffa9a290000 - 0x00007ffa9a425000 	C:\WINDOWS\System32\USER32.dll
0x00007ffa9a090000 - 0x00007ffa9a0b1000 	C:\WINDOWS\System32\win32u.dll
0x00007ffa9ae20000 - 0x00007ffa9ae46000 	C:\WINDOWS\System32\GDI32.dll
0x00007ffa99650000 - 0x00007ffa997e6000 	C:\WINDOWS\System32\gdi32full.dll
0x00007ffa995b0000 - 0x00007ffa9964e000 	C:\WINDOWS\System32\msvcp_win.dll
0x00007ffa98fc0000 - 0x00007ffa990ba000 	C:\WINDOWS\System32\ucrtbase.dll
0x00007ffa85750000 - 0x00007ffa859d4000 	C:\WINDOWS\WinSxS\amd64_microsoft.windows.common-controls_6595b64144ccf1df_6.0.18362.1016_none_9e7a36bbe461dae4\COMCTL32.dll
0x00007ffa9a9b0000 - 0x00007ffa9ace5000 	C:\WINDOWS\System32\combase.dll
0x00007ffa99530000 - 0x00007ffa995b0000 	C:\WINDOWS\System32\bcryptPrimitives.dll
0x00007ffa9a6d0000 - 0x00007ffa9a6fe000 	C:\WINDOWS\System32\IMM32.DLL
0x0000000062df0000 - 0x0000000062ec2000 	C:\Program Files\Android\Android Studio\jre\jre\bin\msvcr100.dll
0x00000000624b0000 - 0x0000000062cfb000 	C:\Program Files\Android\Android Studio\jre\jre\bin\server\jvm.dll
0x00007ffa9ae50000 - 0x00007ffa9ae58000 	C:\WINDOWS\System32\PSAPI.DLL
0x00007ffa8f3f0000 - 0x00007ffa8f3fa000 	C:\WINDOWS\SYSTEM32\VERSION.dll
0x00007ffa96d70000 - 0x00007ffa96d79000 	C:\WINDOWS\SYSTEM32\WSOCK32.dll
0x00007ffa95970000 - 0x00007ffa95994000 	C:\WINDOWS\SYSTEM32\WINMM.dll
0x00007ffa9a940000 - 0x00007ffa9a9af000 	C:\WINDOWS\System32\WS2_32.dll
0x00007ffa95940000 - 0x00007ffa9596d000 	C:\WINDOWS\SYSTEM32\winmmbase.dll
0x00007ffa994e0000 - 0x00007ffa9952a000 	C:\WINDOWS\System32\cfgmgr32.dll
0x00007ffa96d60000 - 0x00007ffa96d6f000 	C:\Program Files\Android\Android Studio\jre\jre\bin\verify.dll
0x00007ffa959f0000 - 0x00007ffa95a19000 	C:\Program Files\Android\Android Studio\jre\jre\bin\java.dll
0x00007ffa953f0000 - 0x00007ffa95406000 	C:\Program Files\Android\Android Studio\jre\jre\bin\zip.dll
0x00007ffa9b180000 - 0x00007ffa9b867000 	C:\WINDOWS\System32\SHELL32.dll
0x00007ffa9b970000 - 0x00007ffa9ba19000 	C:\WINDOWS\System32\shcore.dll
0x00007ffa998a0000 - 0x00007ffa9a022000 	C:\WINDOWS\System32\windows.storage.dll
0x00007ffa98f20000 - 0x00007ffa98f43000 	C:\WINDOWS\System32\profapi.dll
0x00007ffa98f70000 - 0x00007ffa98fba000 	C:\WINDOWS\System32\powrprof.dll
0x00007ffa98ef0000 - 0x00007ffa98f00000 	C:\WINDOWS\System32\UMPDC.dll
0x00007ffa9b870000 - 0x00007ffa9b8c2000 	C:\WINDOWS\System32\shlwapi.dll
0x00007ffa98f50000 - 0x00007ffa98f61000 	C:\WINDOWS\System32\kernel.appcore.dll
0x00007ffa990c0000 - 0x00007ffa990d7000 	C:\WINDOWS\System32\cryptsp.dll
0x00007ffa953d0000 - 0x00007ffa953ea000 	C:\Program Files\Android\Android Studio\jre\jre\bin\net.dll
0x00007ffa98750000 - 0x00007ffa987b7000 	C:\WINDOWS\system32\mswsock.dll
0x00007ffa95380000 - 0x00007ffa95393000 	C:\Program Files\Android\Android Studio\jre\jre\bin\nio.dll
0x00007ffa83690000 - 0x00007ffa836b7000 	C:\Users\»‚‡Ì\.gradle\native\f6784746aeab05261644944871eae4fe03e0ef1612fff0a4a95f87b438bc6780\windows-amd64\native-platform.dll
0x00007ffa95790000 - 0x00007ffa9579d000 	C:\Program Files\Android\Android Studio\jre\jre\bin\management.dll
0x00007ffa982c0000 - 0x00007ffa982f3000 	C:\WINDOWS\system32\rsaenh.dll
0x00007ffa9a0c0000 - 0x00007ffa9a0e6000 	C:\WINDOWS\System32\bcrypt.dll
0x00007ffa98de0000 - 0x00007ffa98e05000 	C:\WINDOWS\SYSTEM32\USERENV.dll
0x00007ffa98920000 - 0x00007ffa9892c000 	C:\WINDOWS\SYSTEM32\CRYPTBASE.dll
0x00007ffa98460000 - 0x00007ffa9849a000 	C:\WINDOWS\SYSTEM32\IPHLPAPI.DLL
0x00007ffa9b0f0000 - 0x00007ffa9b0f8000 	C:\WINDOWS\System32\NSI.dll
0x00007ffa8d9f0000 - 0x00007ffa8da06000 	C:\WINDOWS\SYSTEM32\dhcpcsvc6.DLL
0x00007ffa8deb0000 - 0x00007ffa8decc000 	C:\WINDOWS\SYSTEM32\dhcpcsvc.DLL
0x00007ffa984a0000 - 0x00007ffa9856b000 	C:\WINDOWS\SYSTEM32\DNSAPI.dll
0x00007ffa8f2d0000 - 0x00007ffa8f2db000 	C:\WINDOWS\SYSTEM32\WINNSI.DLL
0x00007ffa8a930000 - 0x00007ffa8a954000 	C:\Program Files\Android\Android Studio\jre\jre\bin\sunec.dll
0x00007ffa8a700000 - 0x00007ffa8a70a000 	C:\Windows\System32\rasadhlp.dll
0x00007ffa8d390000 - 0x00007ffa8d407000 	C:\WINDOWS\System32\fwpuclnt.dll
0x00007ffa924c0000 - 0x00007ffa924cb000 	C:\Program Files\Android\Android Studio\jre\jre\bin\sunmscapi.dll
0x00007ffa99390000 - 0x00007ffa994d9000 	C:\WINDOWS\System32\CRYPT32.dll
0x00007ffa98f00000 - 0x00007ffa98f12000 	C:\WINDOWS\System32\MSASN1.dll
0x00007ffa96e60000 - 0x00007ffa96eef000 	C:\WINDOWS\system32\apphelp.dll

VM Arguments:
jvm_args: -Xmx2048m -Dfile.encoding=windows-1251 -Duser.country=RU -Duser.language=ru -Duser.variant 
java_command: org.gradle.launcher.daemon.bootstrap.GradleDaemon 6.5
java_class_path (initial): C:\Users\»‚‡Ì\.gradle\wrapper\dists\gradle-6.5-bin\6nifqtx7604sqp1q6g8wikw7p\gradle-6.5\lib\gradle-launcher-6.5.jar
Launcher Type: SUN_STANDARD

Environment Variables:
PATH=C:\Program Files (x86)\Common Files\Oracle\Java\javapath;C:\ProgramData\Oracle\Java\javapath;C:\Windows\system32;C:\Windows;C:\Windows\System32\Wbem;C:\Windows\System32\WindowsPowerShell\v1.0\;C:\Program Files (x86)\NVIDIA Corporation\PhysX\Common;C:\WINDOWS\system32;C:\WINDOWS;C:\WINDOWS\System32\Wbem;C:\WINDOWS\System32\WindowsPowerShell\v1.0\;C:\Program Files (x86)\GtkSharp\2.12\bin;C:\Program Files (x86)\Windows Kits\10\Windows Performance Toolkit\;C:\WINDOWS\System32\OpenSSH\;C:\Program Files\dotnet\;C:\Program Files\Microsoft SQL Server\130\Tools\Binn\;C:\Program Files\NVIDIA Corporation\NVIDIA NvDLISR;C:\WINDOWS\system32;C:\WINDOWS;C:\WINDOWS\System32\Wbem;C:\WINDOWS\System32\WindowsPowerShell\v1.0\;C:\WINDOWS\System32\OpenSSH\;C:\Program Files\Git\cmd;C:\Users\»‚‡Ì\Desktop\Server bukabyaka\flexserv.jar;C:\Program Files (x86)\Microsoft SQL Server\140\Tools\Binn\;C:\Program Files\Microsoft SQL Server\140\Tools\Binn\;C:\Program Files (x86)\Microsoft SQL Server\140\DTS\Binn\;C:\Program Files\Microsoft SQL Server\140\DTS\Binn\;C:\Program Files\Microsoft SQL Server\Client SDK\ODBC\130\Tools\Binn\;C:\Program Files (x86)\Microsoft SQL Server\Client SDK\ODBC\130\Tools\Binn\;C:\Program Files (x86)\Microsoft SQL Server\140\Tools\Binn\ManagementStudio\;C:\Users\»‚‡Ì\AppData\Local\Microsoft\WindowsApps;C:\Program Files\JetBrains\IntelliJ IDEA Community Edition 2019.3.1\bin;C:\Users\»‚‡Ì\AppData\Local\atom\bin;C:\Users\»‚‡Ì\.dotnet\tools
USERNAME=Ivan
OS=Windows_NT
PROCESSOR_IDENTIFIER=Intel64 Family 6 Model 61 Stepping 4, GenuineIntel



---------------  S Y S T E M  ---------------

OS: Windows 10.0 , 64 bit Build 18362 (10.0.18362.959)

CPU:total 4 (initial active 4) (2 cores per cpu, 2 threads per core) family 6 model 61 stepping 4, cmov, cx8, fxsr, mmx, sse, sse2, sse3, ssse3, sse4.1, sse4.2, popcnt, avx, avx2, aes, clmul, erms, 3dnowpref, lzcnt, ht, tsc, tscinvbit, bmi1, bmi2, adx

Memory: 4k page, physical 12495564k(1471960k free), swap 14974668k(5656k free)

vm_info: OpenJDK 64-Bit Server VM (25.242-b01) for windows-amd64 JRE (1.8.0_242-release-1644-b01), built by "builder" with MS VC++ 10.0 (VS2010)

time: Wed Oct 14 09:21:20 2020
timezone: RTZ 2 (ÁËÏ‡)
elapsed time: 247 seconds (0d 0h 4m 7s)

